2022-06-16 23:50:23.550+0000 INFO  {plugin-com.neo4j.plugin.jwt.auth.JwtAuthPlugin} jwt.auth.private_key=certificates/security.key.pem
2022-06-16 23:50:28.245+0000 INFO  Initializing system graph model for component 'security-users' with version -1 and status UNINITIALIZED
2022-06-16 23:50:28.265+0000 INFO  Setting up initial user from `auth.ini` file: neo4j
2022-06-16 23:50:28.266+0000 INFO  Creating new user 'neo4j' (passwordChangeRequired=false, suspended=false)
2022-06-16 23:50:28.288+0000 INFO  Setting version for 'security-users' to 3
2022-06-16 23:50:28.294+0000 INFO  After initialization of system graph model component 'security-users' have version 3 and status CURRENT
2022-06-16 23:50:28.300+0000 INFO  Performing postInitialization step for component 'security-users' with version 3 and status CURRENT
2022-06-16 23:50:28.427+0000 INFO  Initializing system graph model for component 'security-privileges' with version -1 and status UNINITIALIZED
2022-06-16 23:50:28.431+0000 INFO  Initializing security model with 6 roles
2022-06-16 23:50:28.619+0000 INFO  Setting version for 'security-privileges' to 4
2022-06-16 23:50:28.629+0000 INFO  Upgrading 'security-privileges' version property from 4 to 5
2022-06-16 23:50:28.644+0000 INFO  Upgrading 'security-privileges' version property from 5 to 6
2022-06-16 23:50:28.656+0000 INFO  Upgrading 'security-privileges' version property from 6 to 7
2022-06-16 23:50:28.658+0000 INFO  Upgrading 'security-privileges' version property from 7 to 8
2022-06-16 23:50:28.659+0000 INFO  Upgrading 'security-privileges' version property from 8 to 9
2022-06-16 23:50:28.670+0000 INFO  Upgrading 'security-privileges' version property from 9 to 10
2022-06-16 23:50:28.671+0000 INFO  Upgrading 'security-privileges' version property from 10 to 11
2022-06-16 23:50:28.672+0000 INFO  Upgrading 'security-privileges' version property from 11 to 12
2022-06-16 23:50:28.693+0000 INFO  Assigned admin role to user 'neo4j'.
2022-06-16 23:50:28.705+0000 INFO  After initialization of system graph model component 'security-privileges' have version 12 and status CURRENT
2022-06-16 23:50:32.034+0000 INFO  {plugin-com.neo4j.plugin.jwt.auth.JwtAuthPlugin} Log in attempted for user 'neo4j'.
2022-06-16 23:50:32.034+0000 INFO  {plugin-com.neo4j.plugin.jwt.auth.JwtAuthPlugin} Log in attempted for user 'neo4j'.
2022-06-16 23:50:32.035+0000 ERROR {plugin-com.neo4j.plugin.jwt.auth.JwtAuthPlugin} Invalid serialized unsecured/JWS/JWE object: Missing part delimiters
2022-06-16 23:50:32.035+0000 ERROR {plugin-com.neo4j.plugin.jwt.auth.JwtAuthPlugin} Invalid serialized unsecured/JWS/JWE object: Missing part delimiters
2022-06-16 23:50:32.057+0000 INFO  [neo4j]: logged in
2022-06-16 23:50:32.057+0000 INFO  [neo4j]: logged in
2022-06-16 23:50:35.170+0000 INFO  {plugin-com.neo4j.plugin.jwt.auth.JwtAuthPlugin} Log in attempted for user 'neo4j'.
2022-06-16 23:50:35.172+0000 ERROR {plugin-com.neo4j.plugin.jwt.auth.JwtAuthPlugin} Invalid serialized unsecured/JWS/JWE object: Missing part delimiters
2022-06-16 23:50:35.173+0000 INFO  [neo4j]: logged in
2022-06-16 23:50:35.761+0000 INFO  {plugin-com.neo4j.plugin.jwt.auth.JwtAuthPlugin} Log in attempted for user 'neo4j'.
2022-06-16 23:50:35.761+0000 ERROR {plugin-com.neo4j.plugin.jwt.auth.JwtAuthPlugin} Invalid serialized unsecured/JWS/JWE object: Missing part delimiters
2022-06-16 23:50:35.761+0000 INFO  [neo4j]: logged in
2022-06-16 23:50:35.775+0000 INFO  {plugin-com.neo4j.plugin.jwt.auth.JwtAuthPlugin} Log in attempted for user 'neo4j'.
2022-06-16 23:50:35.775+0000 ERROR {plugin-com.neo4j.plugin.jwt.auth.JwtAuthPlugin} Invalid serialized unsecured/JWS/JWE object: Missing part delimiters
2022-06-16 23:50:35.776+0000 INFO  [neo4j]: logged in
2022-06-16 23:50:35.843+0000 INFO  {plugin-com.neo4j.plugin.jwt.auth.JwtAuthPlugin} Log in attempted for user 'neo4j'.
2022-06-16 23:50:35.844+0000 ERROR {plugin-com.neo4j.plugin.jwt.auth.JwtAuthPlugin} Invalid serialized unsecured/JWS/JWE object: Missing part delimiters
2022-06-16 23:50:35.844+0000 INFO  [neo4j]: logged in
2022-06-16 23:50:35.862+0000 INFO  {plugin-com.neo4j.plugin.jwt.auth.JwtAuthPlugin} Log in attempted for user 'neo4j'.
2022-06-16 23:50:35.862+0000 ERROR {plugin-com.neo4j.plugin.jwt.auth.JwtAuthPlugin} Invalid serialized unsecured/JWS/JWE object: Missing part delimiters
2022-06-16 23:50:35.862+0000 INFO  [neo4j]: logged in
2022-06-16 23:50:36.135+0000 INFO  {plugin-com.neo4j.plugin.jwt.auth.JwtAuthPlugin} Log in attempted for user 'neo4j'.
2022-06-16 23:50:36.135+0000 ERROR {plugin-com.neo4j.plugin.jwt.auth.JwtAuthPlugin} Invalid serialized unsecured/JWS/JWE object: Missing part delimiters
2022-06-16 23:50:36.136+0000 INFO  [neo4j]: logged in
2022-06-16 23:50:36.378+0000 INFO  {plugin-com.neo4j.plugin.jwt.auth.JwtAuthPlugin} Log in attempted for user 'neo4j'.
2022-06-16 23:50:36.378+0000 ERROR {plugin-com.neo4j.plugin.jwt.auth.JwtAuthPlugin} Invalid serialized unsecured/JWS/JWE object: Missing part delimiters
2022-06-16 23:50:36.378+0000 INFO  [neo4j]: logged in
2022-06-16 23:50:36.395+0000 INFO  {plugin-com.neo4j.plugin.jwt.auth.JwtAuthPlugin} Log in attempted for user 'neo4j'.
2022-06-16 23:50:36.395+0000 ERROR {plugin-com.neo4j.plugin.jwt.auth.JwtAuthPlugin} Invalid serialized unsecured/JWS/JWE object: Missing part delimiters
2022-06-16 23:50:36.395+0000 INFO  [neo4j]: logged in
2022-06-16 23:50:36.410+0000 INFO  {plugin-com.neo4j.plugin.jwt.auth.JwtAuthPlugin} Log in attempted for user 'neo4j'.
2022-06-16 23:50:36.411+0000 ERROR {plugin-com.neo4j.plugin.jwt.auth.JwtAuthPlugin} Invalid serialized unsecured/JWS/JWE object: Missing part delimiters
2022-06-16 23:50:36.411+0000 INFO  [neo4j]: logged in
2022-06-16 23:50:38.165+0000 INFO  {plugin-com.neo4j.plugin.jwt.auth.JwtAuthPlugin} Log in attempted for user 'neo4j'.
2022-06-16 23:50:38.165+0000 ERROR {plugin-com.neo4j.plugin.jwt.auth.JwtAuthPlugin} Invalid serialized unsecured/JWS/JWE object: Missing part delimiters
2022-06-16 23:50:38.165+0000 INFO  [neo4j]: logged in
2022-06-16 23:50:38.860+0000 INFO  {plugin-com.neo4j.plugin.jwt.auth.JwtAuthPlugin} Log in attempted for user 'neo4j'.
2022-06-16 23:50:38.860+0000 ERROR {plugin-com.neo4j.plugin.jwt.auth.JwtAuthPlugin} Invalid serialized unsecured/JWS/JWE object: Missing part delimiters
2022-06-16 23:50:38.861+0000 INFO  [neo4j]: logged in
2022-06-16 23:51:15.569+0000 INFO  {plugin-com.neo4j.plugin.jwt.auth.JwtAuthPlugin} Log in attempted for user 'neo4j'.
2022-06-16 23:51:15.570+0000 ERROR {plugin-com.neo4j.plugin.jwt.auth.JwtAuthPlugin} Invalid serialized unsecured/JWS/JWE object: Missing part delimiters
2022-06-16 23:51:15.570+0000 INFO  [neo4j]: logged in
2022-06-16 23:51:15.688+0000 INFO  {plugin-com.neo4j.plugin.jwt.auth.JwtAuthPlugin} Log in attempted for user 'neo4j'.
2022-06-16 23:51:15.688+0000 ERROR {plugin-com.neo4j.plugin.jwt.auth.JwtAuthPlugin} Invalid serialized unsecured/JWS/JWE object: Missing part delimiters
2022-06-16 23:51:15.688+0000 INFO  [neo4j]: logged in
2022-06-16 23:51:16.270+0000 INFO  [neo4j]: CREATE DATABASE orange
2022-06-16 23:51:16.707+0000 INFO  {plugin-com.neo4j.plugin.jwt.auth.JwtAuthPlugin} Log in attempted for user 'neo4j'.
2022-06-16 23:51:16.707+0000 ERROR {plugin-com.neo4j.plugin.jwt.auth.JwtAuthPlugin} Invalid serialized unsecured/JWS/JWE object: Missing part delimiters
2022-06-16 23:51:16.707+0000 INFO  [neo4j]: logged in
2022-06-16 23:51:29.197+0000 INFO  {plugin-com.neo4j.plugin.jwt.auth.JwtAuthPlugin} Log in attempted for user 'neo4j'.
2022-06-16 23:51:29.198+0000 ERROR {plugin-com.neo4j.plugin.jwt.auth.JwtAuthPlugin} Invalid serialized unsecured/JWS/JWE object: Missing part delimiters
2022-06-16 23:51:29.198+0000 INFO  [neo4j]: logged in
2022-06-16 23:51:29.801+0000 INFO  {plugin-com.neo4j.plugin.jwt.auth.JwtAuthPlugin} Log in attempted for user 'neo4j'.
2022-06-16 23:51:29.808+0000 INFO  [neo4j]: logged in
2022-06-16 23:52:07.587+0000 INFO  {plugin-com.neo4j.plugin.jwt.auth.JwtAuthPlugin} jwt.auth.private_key=certificates/security.key.pem
2022-06-16 23:52:27.644+0000 INFO  Performing postInitialization step for component 'security-users' with version 3 and status CURRENT
2022-06-16 23:52:27.644+0000 INFO  Updating the initial password in component 'security-users'
2022-06-16 23:52:31.573+0000 INFO  {plugin-com.neo4j.plugin.jwt.auth.JwtAuthPlugin} Log in attempted for user 'neo4j'.
2022-06-16 23:52:31.582+0000 ERROR {plugin-com.neo4j.plugin.jwt.auth.JwtAuthPlugin} Invalid serialized unsecured/JWS/JWE object: Missing part delimiters
2022-06-16 23:52:31.590+0000 INFO  [neo4j]: logged in
2022-06-16 23:52:31.838+0000 INFO  {plugin-com.neo4j.plugin.jwt.auth.JwtAuthPlugin} Log in attempted for user 'neo4j'.
2022-06-16 23:52:31.839+0000 ERROR {plugin-com.neo4j.plugin.jwt.auth.JwtAuthPlugin} Invalid serialized unsecured/JWS/JWE object: Missing part delimiters
2022-06-16 23:52:31.839+0000 INFO  [neo4j]: logged in
2022-06-16 23:52:33.324+0000 INFO  {plugin-com.neo4j.plugin.jwt.auth.JwtAuthPlugin} Log in attempted for user 'neo4j'.
2022-06-16 23:52:33.325+0000 ERROR {plugin-com.neo4j.plugin.jwt.auth.JwtAuthPlugin} Invalid serialized unsecured/JWS/JWE object: Missing part delimiters
2022-06-16 23:52:33.325+0000 INFO  [neo4j]: logged in
2022-06-16 23:52:33.408+0000 INFO  {plugin-com.neo4j.plugin.jwt.auth.JwtAuthPlugin} Log in attempted for user 'neo4j'.
2022-06-16 23:52:33.408+0000 ERROR {plugin-com.neo4j.plugin.jwt.auth.JwtAuthPlugin} Invalid serialized unsecured/JWS/JWE object: Missing part delimiters
2022-06-16 23:52:33.409+0000 INFO  [neo4j]: logged in
2022-06-16 23:52:33.470+0000 INFO  {plugin-com.neo4j.plugin.jwt.auth.JwtAuthPlugin} Log in attempted for user 'neo4j'.
2022-06-16 23:52:33.471+0000 ERROR {plugin-com.neo4j.plugin.jwt.auth.JwtAuthPlugin} Invalid serialized unsecured/JWS/JWE object: Missing part delimiters
2022-06-16 23:52:33.471+0000 INFO  [neo4j]: logged in
2022-06-16 23:52:33.523+0000 INFO  {plugin-com.neo4j.plugin.jwt.auth.JwtAuthPlugin} Log in attempted for user 'neo4j'.
2022-06-16 23:52:33.523+0000 ERROR {plugin-com.neo4j.plugin.jwt.auth.JwtAuthPlugin} Invalid serialized unsecured/JWS/JWE object: Missing part delimiters
2022-06-16 23:52:33.524+0000 INFO  [neo4j]: logged in
2022-06-16 23:52:33.873+0000 INFO  {plugin-com.neo4j.plugin.jwt.auth.JwtAuthPlugin} Log in attempted for user 'neo4j'.
2022-06-16 23:52:33.873+0000 ERROR {plugin-com.neo4j.plugin.jwt.auth.JwtAuthPlugin} Invalid serialized unsecured/JWS/JWE object: Missing part delimiters
2022-06-16 23:52:33.873+0000 INFO  [neo4j]: logged in
2022-06-16 23:52:33.890+0000 INFO  {plugin-com.neo4j.plugin.jwt.auth.JwtAuthPlugin} Log in attempted for user 'neo4j'.
2022-06-16 23:52:33.891+0000 ERROR {plugin-com.neo4j.plugin.jwt.auth.JwtAuthPlugin} Invalid serialized unsecured/JWS/JWE object: Missing part delimiters
2022-06-16 23:52:33.891+0000 INFO  [neo4j]: logged in
2022-06-16 23:52:33.909+0000 INFO  {plugin-com.neo4j.plugin.jwt.auth.JwtAuthPlugin} Log in attempted for user 'neo4j'.
2022-06-16 23:52:33.910+0000 ERROR {plugin-com.neo4j.plugin.jwt.auth.JwtAuthPlugin} Invalid serialized unsecured/JWS/JWE object: Missing part delimiters
2022-06-16 23:52:33.910+0000 INFO  [neo4j]: logged in
2022-06-16 23:52:33.934+0000 INFO  {plugin-com.neo4j.plugin.jwt.auth.JwtAuthPlugin} Log in attempted for user 'neo4j'.
2022-06-16 23:52:33.934+0000 ERROR {plugin-com.neo4j.plugin.jwt.auth.JwtAuthPlugin} Invalid serialized unsecured/JWS/JWE object: Missing part delimiters
2022-06-16 23:52:33.934+0000 INFO  [neo4j]: logged in
2022-06-16 23:52:53.579+0000 INFO  {plugin-com.neo4j.plugin.jwt.auth.JwtAuthPlugin} Log in attempted for user 'neo4j'.
2022-06-16 23:52:53.580+0000 ERROR {plugin-com.neo4j.plugin.jwt.auth.JwtAuthPlugin} Invalid serialized unsecured/JWS/JWE object: Missing part delimiters
2022-06-16 23:52:53.580+0000 INFO  [neo4j]: logged in
2022-06-16 23:52:54.496+0000 INFO  {plugin-com.neo4j.plugin.jwt.auth.JwtAuthPlugin} Log in attempted for user 'neo4j'.
2022-06-16 23:52:54.502+0000 INFO  [neo4j]: logged in
2022-06-16 23:53:28.790+0000 INFO  {plugin-com.neo4j.plugin.jwt.auth.JwtAuthPlugin} jwt.auth.private_key=certificates/security.key.pem
2022-06-16 23:53:48.015+0000 INFO  Performing postInitialization step for component 'security-users' with version 3 and status CURRENT
2022-06-16 23:53:48.015+0000 INFO  Updating the initial password in component 'security-users'
2022-06-16 23:53:50.147+0000 INFO  {plugin-com.neo4j.plugin.jwt.auth.JwtAuthPlugin} Log in attempted for user 'neo4j'.
2022-06-16 23:53:50.147+0000 ERROR {plugin-com.neo4j.plugin.jwt.auth.JwtAuthPlugin} Invalid serialized unsecured/JWS/JWE object: Missing part delimiters
2022-06-16 23:53:50.161+0000 INFO  [neo4j]: logged in
2022-06-16 23:53:50.734+0000 INFO  {plugin-com.neo4j.plugin.jwt.auth.JwtAuthPlugin} Log in attempted for user 'neo4j'.
2022-06-16 23:53:50.735+0000 ERROR {plugin-com.neo4j.plugin.jwt.auth.JwtAuthPlugin} Invalid serialized unsecured/JWS/JWE object: Missing part delimiters
2022-06-16 23:53:50.735+0000 INFO  [neo4j]: logged in
2022-06-16 23:53:51.741+0000 INFO  {plugin-com.neo4j.plugin.jwt.auth.JwtAuthPlugin} Log in attempted for user 'neo4j'.
2022-06-16 23:53:51.741+0000 ERROR {plugin-com.neo4j.plugin.jwt.auth.JwtAuthPlugin} Invalid serialized unsecured/JWS/JWE object: Missing part delimiters
2022-06-16 23:53:51.741+0000 INFO  [neo4j]: logged in
2022-06-16 23:53:51.786+0000 INFO  {plugin-com.neo4j.plugin.jwt.auth.JwtAuthPlugin} Log in attempted for user 'neo4j'.
2022-06-16 23:53:51.786+0000 ERROR {plugin-com.neo4j.plugin.jwt.auth.JwtAuthPlugin} Invalid serialized unsecured/JWS/JWE object: Missing part delimiters
2022-06-16 23:53:51.787+0000 INFO  [neo4j]: logged in
2022-06-16 23:53:51.831+0000 INFO  {plugin-com.neo4j.plugin.jwt.auth.JwtAuthPlugin} Log in attempted for user 'neo4j'.
2022-06-16 23:53:51.832+0000 ERROR {plugin-com.neo4j.plugin.jwt.auth.JwtAuthPlugin} Invalid serialized unsecured/JWS/JWE object: Missing part delimiters
2022-06-16 23:53:51.832+0000 INFO  [neo4j]: logged in
2022-06-16 23:53:51.860+0000 INFO  {plugin-com.neo4j.plugin.jwt.auth.JwtAuthPlugin} Log in attempted for user 'neo4j'.
2022-06-16 23:53:51.860+0000 ERROR {plugin-com.neo4j.plugin.jwt.auth.JwtAuthPlugin} Invalid serialized unsecured/JWS/JWE object: Missing part delimiters
2022-06-16 23:53:51.860+0000 INFO  [neo4j]: logged in
2022-06-16 23:53:52.124+0000 INFO  {plugin-com.neo4j.plugin.jwt.auth.JwtAuthPlugin} Log in attempted for user 'neo4j'.
2022-06-16 23:53:52.124+0000 ERROR {plugin-com.neo4j.plugin.jwt.auth.JwtAuthPlugin} Invalid serialized unsecured/JWS/JWE object: Missing part delimiters
2022-06-16 23:53:52.124+0000 INFO  [neo4j]: logged in
2022-06-16 23:53:52.161+0000 INFO  {plugin-com.neo4j.plugin.jwt.auth.JwtAuthPlugin} Log in attempted for user 'neo4j'.
2022-06-16 23:53:52.161+0000 ERROR {plugin-com.neo4j.plugin.jwt.auth.JwtAuthPlugin} Invalid serialized unsecured/JWS/JWE object: Missing part delimiters
2022-06-16 23:53:52.161+0000 INFO  [neo4j]: logged in
2022-06-16 23:53:52.217+0000 INFO  {plugin-com.neo4j.plugin.jwt.auth.JwtAuthPlugin} Log in attempted for user 'neo4j'.
2022-06-16 23:53:52.217+0000 ERROR {plugin-com.neo4j.plugin.jwt.auth.JwtAuthPlugin} Invalid serialized unsecured/JWS/JWE object: Missing part delimiters
2022-06-16 23:53:52.217+0000 INFO  [neo4j]: logged in
2022-06-16 23:53:52.224+0000 INFO  {plugin-com.neo4j.plugin.jwt.auth.JwtAuthPlugin} Log in attempted for user 'neo4j'.
2022-06-16 23:53:52.224+0000 ERROR {plugin-com.neo4j.plugin.jwt.auth.JwtAuthPlugin} Invalid serialized unsecured/JWS/JWE object: Missing part delimiters
2022-06-16 23:53:52.224+0000 INFO  [neo4j]: logged in
2022-06-16 23:54:00.432+0000 INFO  {plugin-com.neo4j.plugin.jwt.auth.JwtAuthPlugin} Log in attempted for user 'neo4j'.
2022-06-16 23:54:00.433+0000 ERROR {plugin-com.neo4j.plugin.jwt.auth.JwtAuthPlugin} Invalid serialized unsecured/JWS/JWE object: Missing part delimiters
2022-06-16 23:54:00.433+0000 INFO  [neo4j]: logged in
2022-06-16 23:54:00.508+0000 INFO  {plugin-com.neo4j.plugin.jwt.auth.JwtAuthPlugin} Log in attempted for user 'neo4j'.
2022-06-16 23:54:00.508+0000 ERROR {plugin-com.neo4j.plugin.jwt.auth.JwtAuthPlugin} Invalid serialized unsecured/JWS/JWE object: Missing part delimiters
2022-06-16 23:54:00.508+0000 INFO  [neo4j]: logged in
2022-06-16 23:54:00.521+0000 INFO  {plugin-com.neo4j.plugin.jwt.auth.JwtAuthPlugin} Log in attempted for user 'neo4j'.
2022-06-16 23:54:00.522+0000 ERROR {plugin-com.neo4j.plugin.jwt.auth.JwtAuthPlugin} Invalid serialized unsecured/JWS/JWE object: Missing part delimiters
2022-06-16 23:54:00.522+0000 INFO  [neo4j]: logged in
2022-06-16 23:54:01.339+0000 INFO  {plugin-com.neo4j.plugin.jwt.auth.JwtAuthPlugin} Log in attempted for user 'neo4j'.
2022-06-16 23:54:01.339+0000 ERROR {plugin-com.neo4j.plugin.jwt.auth.JwtAuthPlugin} Invalid serialized unsecured/JWS/JWE object: Missing part delimiters
2022-06-16 23:54:01.340+0000 INFO  [neo4j]: logged in
2022-06-16 23:54:01.371+0000 INFO  {plugin-com.neo4j.plugin.jwt.auth.JwtAuthPlugin} Log in attempted for user 'neo4j'.
2022-06-16 23:54:01.371+0000 ERROR {plugin-com.neo4j.plugin.jwt.auth.JwtAuthPlugin} Invalid serialized unsecured/JWS/JWE object: Missing part delimiters
2022-06-16 23:54:01.371+0000 INFO  [neo4j]: logged in
2022-06-16 23:54:02.032+0000 INFO  {plugin-com.neo4j.plugin.jwt.auth.JwtAuthPlugin} Log in attempted for user 'neo4j'.
2022-06-16 23:54:02.040+0000 INFO  [neo4j]: logged in
2022-06-16 23:55:57.106+0000 INFO  {plugin-com.neo4j.plugin.jwt.auth.JwtAuthPlugin} jwt.auth.private_key=certificates/security.key.pem
2022-06-16 23:56:23.810+0000 INFO  Performing postInitialization step for component 'security-users' with version 3 and status CURRENT
2022-06-16 23:56:23.810+0000 INFO  Updating the initial password in component 'security-users'
2022-06-16 23:56:26.893+0000 INFO  {plugin-com.neo4j.plugin.jwt.auth.JwtAuthPlugin} Log in attempted for user 'neo4j'.
2022-06-16 23:56:26.893+0000 INFO  {plugin-com.neo4j.plugin.jwt.auth.JwtAuthPlugin} Log in attempted for user 'neo4j'.
2022-06-16 23:56:26.894+0000 ERROR {plugin-com.neo4j.plugin.jwt.auth.JwtAuthPlugin} Invalid serialized unsecured/JWS/JWE object: Missing part delimiters
2022-06-16 23:56:26.894+0000 ERROR {plugin-com.neo4j.plugin.jwt.auth.JwtAuthPlugin} Invalid serialized unsecured/JWS/JWE object: Missing part delimiters
2022-06-16 23:56:26.915+0000 INFO  [neo4j]: logged in
2022-06-16 23:56:26.915+0000 INFO  [neo4j]: logged in
2022-06-16 23:56:27.665+0000 INFO  {plugin-com.neo4j.plugin.jwt.auth.JwtAuthPlugin} Log in attempted for user 'neo4j'.
2022-06-16 23:56:27.665+0000 ERROR {plugin-com.neo4j.plugin.jwt.auth.JwtAuthPlugin} Invalid serialized unsecured/JWS/JWE object: Missing part delimiters
2022-06-16 23:56:27.665+0000 INFO  [neo4j]: logged in
2022-06-16 23:56:28.228+0000 INFO  {plugin-com.neo4j.plugin.jwt.auth.JwtAuthPlugin} Log in attempted for user 'neo4j'.
2022-06-16 23:56:28.228+0000 ERROR {plugin-com.neo4j.plugin.jwt.auth.JwtAuthPlugin} Invalid serialized unsecured/JWS/JWE object: Missing part delimiters
2022-06-16 23:56:28.229+0000 INFO  [neo4j]: logged in
2022-06-16 23:56:28.275+0000 INFO  {plugin-com.neo4j.plugin.jwt.auth.JwtAuthPlugin} Log in attempted for user 'neo4j'.
2022-06-16 23:56:28.275+0000 ERROR {plugin-com.neo4j.plugin.jwt.auth.JwtAuthPlugin} Invalid serialized unsecured/JWS/JWE object: Missing part delimiters
2022-06-16 23:56:28.275+0000 INFO  [neo4j]: logged in
2022-06-16 23:56:28.317+0000 INFO  {plugin-com.neo4j.plugin.jwt.auth.JwtAuthPlugin} Log in attempted for user 'neo4j'.
2022-06-16 23:56:28.318+0000 ERROR {plugin-com.neo4j.plugin.jwt.auth.JwtAuthPlugin} Invalid serialized unsecured/JWS/JWE object: Missing part delimiters
2022-06-16 23:56:28.318+0000 INFO  [neo4j]: logged in
2022-06-16 23:56:28.347+0000 INFO  {plugin-com.neo4j.plugin.jwt.auth.JwtAuthPlugin} Log in attempted for user 'neo4j'.
2022-06-16 23:56:28.347+0000 ERROR {plugin-com.neo4j.plugin.jwt.auth.JwtAuthPlugin} Invalid serialized unsecured/JWS/JWE object: Missing part delimiters
2022-06-16 23:56:28.347+0000 INFO  [neo4j]: logged in
2022-06-16 23:56:28.612+0000 INFO  {plugin-com.neo4j.plugin.jwt.auth.JwtAuthPlugin} Log in attempted for user 'neo4j'.
2022-06-16 23:56:28.612+0000 ERROR {plugin-com.neo4j.plugin.jwt.auth.JwtAuthPlugin} Invalid serialized unsecured/JWS/JWE object: Missing part delimiters
2022-06-16 23:56:28.613+0000 INFO  [neo4j]: logged in
2022-06-16 23:56:28.653+0000 INFO  {plugin-com.neo4j.plugin.jwt.auth.JwtAuthPlugin} Log in attempted for user 'neo4j'.
2022-06-16 23:56:28.653+0000 ERROR {plugin-com.neo4j.plugin.jwt.auth.JwtAuthPlugin} Invalid serialized unsecured/JWS/JWE object: Missing part delimiters
2022-06-16 23:56:28.653+0000 INFO  [neo4j]: logged in
2022-06-16 23:56:28.702+0000 INFO  {plugin-com.neo4j.plugin.jwt.auth.JwtAuthPlugin} Log in attempted for user 'neo4j'.
2022-06-16 23:56:28.702+0000 ERROR {plugin-com.neo4j.plugin.jwt.auth.JwtAuthPlugin} Invalid serialized unsecured/JWS/JWE object: Missing part delimiters
2022-06-16 23:56:28.703+0000 INFO  [neo4j]: logged in
2022-06-16 23:56:28.741+0000 INFO  {plugin-com.neo4j.plugin.jwt.auth.JwtAuthPlugin} Log in attempted for user 'neo4j'.
2022-06-16 23:56:28.741+0000 ERROR {plugin-com.neo4j.plugin.jwt.auth.JwtAuthPlugin} Invalid serialized unsecured/JWS/JWE object: Missing part delimiters
2022-06-16 23:56:28.741+0000 INFO  [neo4j]: logged in
2022-06-16 23:56:30.642+0000 INFO  {plugin-com.neo4j.plugin.jwt.auth.JwtAuthPlugin} Log in attempted for user 'neo4j'.
2022-06-16 23:56:30.643+0000 ERROR {plugin-com.neo4j.plugin.jwt.auth.JwtAuthPlugin} Invalid serialized unsecured/JWS/JWE object: Missing part delimiters
2022-06-16 23:56:30.643+0000 INFO  [neo4j]: logged in
2022-06-16 23:56:30.658+0000 INFO  {plugin-com.neo4j.plugin.jwt.auth.JwtAuthPlugin} Log in attempted for user 'neo4j'.
2022-06-16 23:56:30.658+0000 ERROR {plugin-com.neo4j.plugin.jwt.auth.JwtAuthPlugin} Invalid serialized unsecured/JWS/JWE object: Missing part delimiters
2022-06-16 23:56:30.658+0000 INFO  [neo4j]: logged in
2022-06-16 23:56:31.565+0000 INFO  {plugin-com.neo4j.plugin.jwt.auth.JwtAuthPlugin} Log in attempted for user 'neo4j'.
2022-06-16 23:56:31.565+0000 ERROR {plugin-com.neo4j.plugin.jwt.auth.JwtAuthPlugin} Invalid serialized unsecured/JWS/JWE object: Missing part delimiters
2022-06-16 23:56:31.566+0000 INFO  [neo4j]: logged in
2022-06-16 23:56:53.347+0000 INFO  {plugin-com.neo4j.plugin.jwt.auth.JwtAuthPlugin} Log in attempted for user 'neo4j'.
2022-06-16 23:56:53.347+0000 ERROR {plugin-com.neo4j.plugin.jwt.auth.JwtAuthPlugin} Invalid serialized unsecured/JWS/JWE object: Missing part delimiters
2022-06-16 23:56:53.347+0000 INFO  [neo4j]: logged in
2022-06-16 23:56:54.337+0000 INFO  {plugin-com.neo4j.plugin.jwt.auth.JwtAuthPlugin} Log in attempted for user 'neo4j'.
2022-06-16 23:56:54.337+0000 ERROR {plugin-com.neo4j.plugin.jwt.auth.JwtAuthPlugin} Invalid serialized unsecured/JWS/JWE object: Missing part delimiters
2022-06-16 23:56:54.338+0000 INFO  [neo4j]: logged in
2022-06-16 23:56:54.352+0000 INFO  {plugin-com.neo4j.plugin.jwt.auth.JwtAuthPlugin} Log in attempted for user 'neo4j'.
2022-06-16 23:56:54.352+0000 ERROR {plugin-com.neo4j.plugin.jwt.auth.JwtAuthPlugin} Invalid serialized unsecured/JWS/JWE object: Missing part delimiters
2022-06-16 23:56:54.353+0000 INFO  [neo4j]: logged in
2022-06-16 23:56:54.552+0000 INFO  {plugin-com.neo4j.plugin.jwt.auth.JwtAuthPlugin} Log in attempted for user 'neo4j'.
2022-06-16 23:56:54.552+0000 ERROR {plugin-com.neo4j.plugin.jwt.auth.JwtAuthPlugin} Invalid serialized unsecured/JWS/JWE object: Missing part delimiters
2022-06-16 23:56:54.553+0000 INFO  [neo4j]: logged in
2022-06-16 23:56:54.568+0000 INFO  {plugin-com.neo4j.plugin.jwt.auth.JwtAuthPlugin} Log in attempted for user 'neo4j'.
2022-06-16 23:56:54.568+0000 ERROR {plugin-com.neo4j.plugin.jwt.auth.JwtAuthPlugin} Invalid serialized unsecured/JWS/JWE object: Missing part delimiters
2022-06-16 23:56:54.568+0000 INFO  [neo4j]: logged in
2022-06-16 23:56:54.579+0000 INFO  {plugin-com.neo4j.plugin.jwt.auth.JwtAuthPlugin} Log in attempted for user 'neo4j'.
2022-06-16 23:56:54.580+0000 ERROR {plugin-com.neo4j.plugin.jwt.auth.JwtAuthPlugin} Invalid serialized unsecured/JWS/JWE object: Missing part delimiters
2022-06-16 23:56:54.580+0000 INFO  [neo4j]: logged in
2022-06-16 23:58:23.851+0000 INFO  {plugin-com.neo4j.plugin.jwt.auth.JwtAuthPlugin} Log in attempted for user 'neo4j'.
2022-06-16 23:58:23.851+0000 ERROR {plugin-com.neo4j.plugin.jwt.auth.JwtAuthPlugin} Invalid serialized unsecured/JWS/JWE object: Missing part delimiters
2022-06-16 23:58:23.852+0000 INFO  [neo4j]: logged in
2022-06-16 23:58:24.868+0000 INFO  {plugin-com.neo4j.plugin.jwt.auth.JwtAuthPlugin} Log in attempted for user 'neo4j'.
2022-06-16 23:58:24.868+0000 ERROR {plugin-com.neo4j.plugin.jwt.auth.JwtAuthPlugin} Invalid serialized unsecured/JWS/JWE object: Missing part delimiters
2022-06-16 23:58:24.868+0000 INFO  [neo4j]: logged in
2022-06-16 23:58:24.884+0000 INFO  {plugin-com.neo4j.plugin.jwt.auth.JwtAuthPlugin} Log in attempted for user 'neo4j'.
2022-06-16 23:58:24.885+0000 ERROR {plugin-com.neo4j.plugin.jwt.auth.JwtAuthPlugin} Invalid serialized unsecured/JWS/JWE object: Missing part delimiters
2022-06-16 23:58:24.885+0000 INFO  [neo4j]: logged in
2022-06-16 23:58:25.077+0000 INFO  {plugin-com.neo4j.plugin.jwt.auth.JwtAuthPlugin} Log in attempted for user 'neo4j'.
2022-06-16 23:58:25.077+0000 ERROR {plugin-com.neo4j.plugin.jwt.auth.JwtAuthPlugin} Invalid serialized unsecured/JWS/JWE object: Missing part delimiters
2022-06-16 23:58:25.077+0000 INFO  [neo4j]: logged in
2022-06-16 23:58:25.090+0000 INFO  {plugin-com.neo4j.plugin.jwt.auth.JwtAuthPlugin} Log in attempted for user 'neo4j'.
2022-06-16 23:58:25.091+0000 ERROR {plugin-com.neo4j.plugin.jwt.auth.JwtAuthPlugin} Invalid serialized unsecured/JWS/JWE object: Missing part delimiters
2022-06-16 23:58:25.091+0000 INFO  [neo4j]: logged in
2022-06-16 23:58:25.139+0000 INFO  {plugin-com.neo4j.plugin.jwt.auth.JwtAuthPlugin} Log in attempted for user 'neo4j'.
2022-06-16 23:58:25.139+0000 ERROR {plugin-com.neo4j.plugin.jwt.auth.JwtAuthPlugin} Invalid serialized unsecured/JWS/JWE object: Missing part delimiters
2022-06-16 23:58:25.139+0000 INFO  [neo4j]: logged in
2022-06-17 00:09:55.752+0000 INFO  {plugin-com.neo4j.plugin.jwt.auth.JwtAuthPlugin} Log in attempted for user 'neo4j'.
2022-06-17 00:09:55.752+0000 ERROR {plugin-com.neo4j.plugin.jwt.auth.JwtAuthPlugin} Invalid serialized unsecured/JWS/JWE object: Missing part delimiters
2022-06-17 00:09:55.752+0000 INFO  [neo4j]: logged in
2022-06-17 00:09:55.756+0000 INFO  {plugin-com.neo4j.plugin.jwt.auth.JwtAuthPlugin} Log in attempted for user 'neo4j'.
2022-06-17 00:09:55.757+0000 ERROR {plugin-com.neo4j.plugin.jwt.auth.JwtAuthPlugin} Invalid serialized unsecured/JWS/JWE object: Missing part delimiters
2022-06-17 00:09:55.757+0000 INFO  [neo4j]: logged in
2022-06-17 00:09:55.771+0000 INFO  {plugin-com.neo4j.plugin.jwt.auth.JwtAuthPlugin} Log in attempted for user 'neo4j'.
2022-06-17 00:09:55.771+0000 ERROR {plugin-com.neo4j.plugin.jwt.auth.JwtAuthPlugin} Invalid serialized unsecured/JWS/JWE object: Missing part delimiters
2022-06-17 00:09:55.771+0000 INFO  [neo4j]: logged in
2022-06-17 00:09:55.784+0000 INFO  {plugin-com.neo4j.plugin.jwt.auth.JwtAuthPlugin} Log in attempted for user 'neo4j'.
2022-06-17 00:09:55.784+0000 ERROR {plugin-com.neo4j.plugin.jwt.auth.JwtAuthPlugin} Invalid serialized unsecured/JWS/JWE object: Missing part delimiters
2022-06-17 00:09:55.784+0000 INFO  [neo4j]: logged in
2022-06-17 00:10:06.934+0000 INFO  {plugin-com.neo4j.plugin.jwt.auth.JwtAuthPlugin} Log in attempted for user 'neo4j'.
2022-06-17 00:10:06.934+0000 ERROR {plugin-com.neo4j.plugin.jwt.auth.JwtAuthPlugin} Invalid serialized unsecured/JWS/JWE object: Missing part delimiters
2022-06-17 00:10:06.934+0000 INFO  [neo4j]: logged in
2022-06-17 00:10:06.951+0000 INFO  {plugin-com.neo4j.plugin.jwt.auth.JwtAuthPlugin} Log in attempted for user 'neo4j'.
2022-06-17 00:10:06.951+0000 ERROR {plugin-com.neo4j.plugin.jwt.auth.JwtAuthPlugin} Invalid serialized unsecured/JWS/JWE object: Missing part delimiters
2022-06-17 00:10:06.952+0000 INFO  [neo4j]: logged in
2022-06-17 00:10:06.967+0000 INFO  {plugin-com.neo4j.plugin.jwt.auth.JwtAuthPlugin} Log in attempted for user 'neo4j'.
2022-06-17 00:10:06.968+0000 ERROR {plugin-com.neo4j.plugin.jwt.auth.JwtAuthPlugin} Invalid serialized unsecured/JWS/JWE object: Missing part delimiters
2022-06-17 00:10:06.968+0000 INFO  [neo4j]: logged in
2022-06-17 00:10:06.978+0000 INFO  {plugin-com.neo4j.plugin.jwt.auth.JwtAuthPlugin} Log in attempted for user 'neo4j'.
2022-06-17 00:10:06.978+0000 ERROR {plugin-com.neo4j.plugin.jwt.auth.JwtAuthPlugin} Invalid serialized unsecured/JWS/JWE object: Missing part delimiters
2022-06-17 00:10:06.978+0000 INFO  [neo4j]: logged in
2022-06-17 00:11:10.563+0000 INFO  {plugin-com.neo4j.plugin.jwt.auth.JwtAuthPlugin} Log in attempted for user 'neo4j'.
2022-06-17 00:11:10.564+0000 ERROR {plugin-com.neo4j.plugin.jwt.auth.JwtAuthPlugin} Invalid serialized unsecured/JWS/JWE object: Missing part delimiters
2022-06-17 00:11:10.564+0000 INFO  [neo4j]: logged in
2022-06-17 00:11:10.671+0000 INFO  {plugin-com.neo4j.plugin.jwt.auth.JwtAuthPlugin} Log in attempted for user 'neo4j'.
2022-06-17 00:11:10.671+0000 ERROR {plugin-com.neo4j.plugin.jwt.auth.JwtAuthPlugin} Invalid serialized unsecured/JWS/JWE object: Missing part delimiters
2022-06-17 00:11:10.671+0000 INFO  [neo4j]: logged in
2022-06-17 00:11:10.684+0000 INFO  {plugin-com.neo4j.plugin.jwt.auth.JwtAuthPlugin} Log in attempted for user 'neo4j'.
2022-06-17 00:11:10.684+0000 ERROR {plugin-com.neo4j.plugin.jwt.auth.JwtAuthPlugin} Invalid serialized unsecured/JWS/JWE object: Missing part delimiters
2022-06-17 00:11:10.684+0000 INFO  [neo4j]: logged in
2022-06-17 00:11:10.948+0000 INFO  {plugin-com.neo4j.plugin.jwt.auth.JwtAuthPlugin} Log in attempted for user 'neo4j'.
2022-06-17 00:11:10.948+0000 ERROR {plugin-com.neo4j.plugin.jwt.auth.JwtAuthPlugin} Invalid serialized unsecured/JWS/JWE object: Missing part delimiters
2022-06-17 00:11:10.948+0000 INFO  [neo4j]: logged in
2022-06-17 00:11:10.985+0000 INFO  {plugin-com.neo4j.plugin.jwt.auth.JwtAuthPlugin} Log in attempted for user 'neo4j'.
2022-06-17 00:11:10.985+0000 ERROR {plugin-com.neo4j.plugin.jwt.auth.JwtAuthPlugin} Invalid serialized unsecured/JWS/JWE object: Missing part delimiters
2022-06-17 00:11:10.985+0000 INFO  [neo4j]: logged in
2022-06-17 00:11:11.492+0000 INFO  {plugin-com.neo4j.plugin.jwt.auth.JwtAuthPlugin} Log in attempted for user 'neo4j'.
2022-06-17 00:11:11.498+0000 INFO  [neo4j]: logged in
2022-06-17 00:14:41.680+0000 INFO  {plugin-com.neo4j.plugin.jwt.auth.JwtAuthPlugin} jwt.auth.private_key=certificates/security.key.pem
2022-06-17 00:15:08.179+0000 INFO  Performing postInitialization step for component 'security-users' with version 3 and status CURRENT
2022-06-17 00:15:08.179+0000 INFO  Updating the initial password in component 'security-users'
2022-06-17 00:15:11.664+0000 INFO  {plugin-com.neo4j.plugin.jwt.auth.JwtAuthPlugin} Log in attempted for user 'neo4j'.
2022-06-17 00:15:11.665+0000 ERROR {plugin-com.neo4j.plugin.jwt.auth.JwtAuthPlugin} Invalid serialized unsecured/JWS/JWE object: Missing part delimiters
2022-06-17 00:15:11.675+0000 INFO  [neo4j]: logged in
2022-06-17 00:15:12.314+0000 INFO  {plugin-com.neo4j.plugin.jwt.auth.JwtAuthPlugin} Log in attempted for user 'neo4j'.
2022-06-17 00:15:12.314+0000 ERROR {plugin-com.neo4j.plugin.jwt.auth.JwtAuthPlugin} Invalid serialized unsecured/JWS/JWE object: Missing part delimiters
2022-06-17 00:15:12.314+0000 INFO  [neo4j]: logged in
2022-06-17 00:15:14.196+0000 INFO  {plugin-com.neo4j.plugin.jwt.auth.JwtAuthPlugin} Log in attempted for user 'neo4j'.
2022-06-17 00:15:14.197+0000 ERROR {plugin-com.neo4j.plugin.jwt.auth.JwtAuthPlugin} Invalid serialized unsecured/JWS/JWE object: Missing part delimiters
2022-06-17 00:15:14.197+0000 INFO  [neo4j]: logged in
2022-06-17 00:15:14.212+0000 INFO  {plugin-com.neo4j.plugin.jwt.auth.JwtAuthPlugin} Log in attempted for user 'neo4j'.
2022-06-17 00:15:14.212+0000 ERROR {plugin-com.neo4j.plugin.jwt.auth.JwtAuthPlugin} Invalid serialized unsecured/JWS/JWE object: Missing part delimiters
2022-06-17 00:15:14.212+0000 INFO  [neo4j]: logged in
2022-06-17 00:15:14.789+0000 INFO  {plugin-com.neo4j.plugin.jwt.auth.JwtAuthPlugin} Log in attempted for user 'neo4j'.
2022-06-17 00:15:14.789+0000 ERROR {plugin-com.neo4j.plugin.jwt.auth.JwtAuthPlugin} Invalid serialized unsecured/JWS/JWE object: Missing part delimiters
2022-06-17 00:15:14.789+0000 INFO  [neo4j]: logged in
2022-06-17 00:15:20.035+0000 INFO  {plugin-com.neo4j.plugin.jwt.auth.JwtAuthPlugin} Log in attempted for user 'neo4j'.
2022-06-17 00:15:20.036+0000 ERROR {plugin-com.neo4j.plugin.jwt.auth.JwtAuthPlugin} Invalid serialized unsecured/JWS/JWE object: Missing part delimiters
2022-06-17 00:15:20.036+0000 INFO  [neo4j]: logged in
2022-06-17 00:15:21.141+0000 INFO  {plugin-com.neo4j.plugin.jwt.auth.JwtAuthPlugin} Log in attempted for user 'neo4j'.
2022-06-17 00:15:21.141+0000 ERROR {plugin-com.neo4j.plugin.jwt.auth.JwtAuthPlugin} Invalid serialized unsecured/JWS/JWE object: Missing part delimiters
2022-06-17 00:15:21.142+0000 INFO  [neo4j]: logged in
2022-06-17 00:15:21.158+0000 INFO  {plugin-com.neo4j.plugin.jwt.auth.JwtAuthPlugin} Log in attempted for user 'neo4j'.
2022-06-17 00:15:21.159+0000 ERROR {plugin-com.neo4j.plugin.jwt.auth.JwtAuthPlugin} Invalid serialized unsecured/JWS/JWE object: Missing part delimiters
2022-06-17 00:15:21.159+0000 INFO  [neo4j]: logged in
2022-06-17 00:15:21.281+0000 INFO  {plugin-com.neo4j.plugin.jwt.auth.JwtAuthPlugin} Log in attempted for user 'neo4j'.
2022-06-17 00:15:21.282+0000 ERROR {plugin-com.neo4j.plugin.jwt.auth.JwtAuthPlugin} Invalid serialized unsecured/JWS/JWE object: Missing part delimiters
2022-06-17 00:15:21.282+0000 INFO  [neo4j]: logged in
2022-06-17 00:15:21.293+0000 INFO  {plugin-com.neo4j.plugin.jwt.auth.JwtAuthPlugin} Log in attempted for user 'neo4j'.
2022-06-17 00:15:21.293+0000 ERROR {plugin-com.neo4j.plugin.jwt.auth.JwtAuthPlugin} Invalid serialized unsecured/JWS/JWE object: Missing part delimiters
2022-06-17 00:15:21.294+0000 INFO  [neo4j]: logged in
2022-06-17 00:15:21.310+0000 INFO  {plugin-com.neo4j.plugin.jwt.auth.JwtAuthPlugin} Log in attempted for user 'neo4j'.
2022-06-17 00:15:21.310+0000 ERROR {plugin-com.neo4j.plugin.jwt.auth.JwtAuthPlugin} Invalid serialized unsecured/JWS/JWE object: Missing part delimiters
2022-06-17 00:15:21.310+0000 INFO  [neo4j]: logged in
2022-06-17 00:18:40.955+0000 INFO  {plugin-com.neo4j.plugin.jwt.auth.JwtAuthPlugin} Log in attempted for user 'neo4j'.
2022-06-17 00:18:40.956+0000 ERROR {plugin-com.neo4j.plugin.jwt.auth.JwtAuthPlugin} Invalid serialized unsecured/JWS/JWE object: Missing part delimiters
2022-06-17 00:18:40.956+0000 INFO  [neo4j]: logged in
2022-06-17 00:18:41.015+0000 INFO  {plugin-com.neo4j.plugin.jwt.auth.JwtAuthPlugin} Log in attempted for user 'neo4j'.
2022-06-17 00:18:41.015+0000 ERROR {plugin-com.neo4j.plugin.jwt.auth.JwtAuthPlugin} Invalid serialized unsecured/JWS/JWE object: Missing part delimiters
2022-06-17 00:18:41.015+0000 INFO  [neo4j]: logged in
2022-06-17 00:18:41.028+0000 INFO  {plugin-com.neo4j.plugin.jwt.auth.JwtAuthPlugin} Log in attempted for user 'neo4j'.
2022-06-17 00:18:41.028+0000 ERROR {plugin-com.neo4j.plugin.jwt.auth.JwtAuthPlugin} Invalid serialized unsecured/JWS/JWE object: Missing part delimiters
2022-06-17 00:18:41.028+0000 INFO  [neo4j]: logged in
2022-06-17 00:18:41.216+0000 INFO  {plugin-com.neo4j.plugin.jwt.auth.JwtAuthPlugin} Log in attempted for user 'neo4j'.
2022-06-17 00:18:41.216+0000 ERROR {plugin-com.neo4j.plugin.jwt.auth.JwtAuthPlugin} Invalid serialized unsecured/JWS/JWE object: Missing part delimiters
2022-06-17 00:18:41.216+0000 INFO  [neo4j]: logged in
2022-06-17 00:18:41.233+0000 INFO  {plugin-com.neo4j.plugin.jwt.auth.JwtAuthPlugin} Log in attempted for user 'neo4j'.
2022-06-17 00:18:41.233+0000 ERROR {plugin-com.neo4j.plugin.jwt.auth.JwtAuthPlugin} Invalid serialized unsecured/JWS/JWE object: Missing part delimiters
2022-06-17 00:18:41.233+0000 INFO  [neo4j]: logged in
2022-06-17 00:18:41.686+0000 INFO  {plugin-com.neo4j.plugin.jwt.auth.JwtAuthPlugin} Log in attempted for user 'neo4j'.
2022-06-17 00:18:41.693+0000 INFO  [neo4j]: logged in
2022-06-17 00:26:24.383+0000 INFO  {plugin-com.neo4j.plugin.jwt.auth.JwtAuthPlugin} jwt.auth.private_key=certificates/security.key.pem
2022-06-17 00:27:00.470+0000 INFO  Performing postInitialization step for component 'security-users' with version 3 and status CURRENT
2022-06-17 00:27:00.470+0000 INFO  Updating the initial password in component 'security-users'
2022-06-17 00:27:04.019+0000 INFO  {plugin-com.neo4j.plugin.jwt.auth.JwtAuthPlugin} Log in attempted for user 'neo4j'.
2022-06-17 00:27:04.020+0000 ERROR {plugin-com.neo4j.plugin.jwt.auth.JwtAuthPlugin} Invalid serialized unsecured/JWS/JWE object: Missing part delimiters
2022-06-17 00:27:04.033+0000 INFO  [neo4j]: logged in
2022-06-17 00:27:05.378+0000 INFO  {plugin-com.neo4j.plugin.jwt.auth.JwtAuthPlugin} Log in attempted for user 'neo4j'.
2022-06-17 00:27:05.378+0000 ERROR {plugin-com.neo4j.plugin.jwt.auth.JwtAuthPlugin} Invalid serialized unsecured/JWS/JWE object: Missing part delimiters
2022-06-17 00:27:05.378+0000 INFO  [neo4j]: logged in
2022-06-17 00:27:07.498+0000 INFO  {plugin-com.neo4j.plugin.jwt.auth.JwtAuthPlugin} Log in attempted for user 'neo4j'.
2022-06-17 00:27:07.498+0000 ERROR {plugin-com.neo4j.plugin.jwt.auth.JwtAuthPlugin} Invalid serialized unsecured/JWS/JWE object: Missing part delimiters
2022-06-17 00:27:07.498+0000 INFO  [neo4j]: logged in
2022-06-17 00:27:07.514+0000 INFO  {plugin-com.neo4j.plugin.jwt.auth.JwtAuthPlugin} Log in attempted for user 'neo4j'.
2022-06-17 00:27:07.514+0000 ERROR {plugin-com.neo4j.plugin.jwt.auth.JwtAuthPlugin} Invalid serialized unsecured/JWS/JWE object: Missing part delimiters
2022-06-17 00:27:07.514+0000 INFO  [neo4j]: logged in
2022-06-17 00:27:08.134+0000 INFO  {plugin-com.neo4j.plugin.jwt.auth.JwtAuthPlugin} Log in attempted for user 'neo4j'.
2022-06-17 00:27:08.134+0000 ERROR {plugin-com.neo4j.plugin.jwt.auth.JwtAuthPlugin} Invalid serialized unsecured/JWS/JWE object: Missing part delimiters
2022-06-17 00:27:08.134+0000 INFO  [neo4j]: logged in
